This is pdfTeX, Version 3.14159265-2.6-1.40.17 (TeX Live 2016/TeX Live for SUSE Linux) (preloaded format=pdflatex 2018.4.5)  25 JUN 2018 13:27
entering extended mode
 restricted \write18 enabled.
 %&-line parsing enabled.
**FullWaveSubstrate.tex
(./FullWaveSubstrate.tex
LaTeX2e <2016/03/31>
Babel <3.9r> and hyphenation patterns for 51 language(s) loaded.
(/usr/share/texmf/tex/latex/base/article.cls
Document Class: article 2014/09/29 v1.4h Standard LaTeX document class
(/usr/share/texmf/tex/latex/base/size10.clo
File: size10.clo 2014/09/29 v1.4h Standard LaTeX file (size option)
)
\c@part=\count79
\c@section=\count80
\c@subsection=\count81
\c@subsubsection=\count82
\c@paragraph=\count83
\c@subparagraph=\count84
\c@figure=\count85
\c@table=\count86
\abovecaptionskip=\skip41
\belowcaptionskip=\skip42
\bibindent=\dimen102
)
(/usr/share/texmf/tex/latex/natbib/natbib.sty
Package: natbib 2010/09/13 8.31b (PWD, AO)
\bibhang=\skip43
\bibsep=\skip44
LaTeX Info: Redefining \cite on input line 694.
\c@NAT@ctr=\count87
)
(/usr/share/texmf/tex/latex/tools/array.sty
Package: array 2014/10/28 v2.4c Tabular extension package (FMi)
\col@sep=\dimen103
\extrarowheight=\dimen104
\NC@list=\toks14
\extratabsurround=\skip45
\backup@length=\skip46
) (./scufftex.tex
\@input{HRCommands.aux}
\openout2 = `HRCommands.aux'.

(/home/homer/misc/HRCommands.tex (/usr/share/texmf/tex/generic/babel/babel.sty
Package: babel 2016/04/23 3.9r The Babel package

(/usr/share/texmf/tex/generic/babel-english/english.ldf
Language: english 2012/08/20 v3.3p English support from the babel system

(/usr/share/texmf/tex/generic/babel/babel.def
File: babel.def 2016/04/23 3.9r Babel common definitions
\babel@savecnt=\count88
\U@D=\dimen105
)
\l@canadian = a dialect from \language\l@american 
\l@australian = a dialect from \language\l@british 
\l@newzealand = a dialect from \language\l@british 
))
(/usr/share/texmf/tex/latex/graphics/graphicx.sty
Package: graphicx 2014/10/28 v1.0g Enhanced LaTeX Graphics (DPC,SPQR)

(/usr/share/texmf/tex/latex/graphics/keyval.sty
Package: keyval 2014/10/28 v1.15 key=value parser (DPC)
\KV@toks@=\toks15
)
(/usr/share/texmf/tex/latex/graphics/graphics.sty
Package: graphics 2016/05/09 v1.0r Standard LaTeX Graphics (DPC,SPQR)

(/usr/share/texmf/tex/latex/graphics/trig.sty
Package: trig 2016/01/03 v1.10 sin cos tan (DPC)
)
(/usr/share/texmf/tex/latex/graphics-cfg/graphics.cfg
File: graphics.cfg 2016/01/02 v1.10 sample graphics configuration
)
Package graphics Info: Driver file: pdftex.def on input line 96.

(/usr/share/texmf/tex/latex/pdftex-def/pdftex.def
File: pdftex.def 2011/05/27 v0.06d Graphics/color for pdfTeX

(/usr/share/texmf/tex/generic/oberdiek/infwarerr.sty
Package: infwarerr 2016/05/16 v1.4 Providing info/warning/error messages (HO)
)
(/usr/share/texmf/tex/generic/oberdiek/ltxcmds.sty
Package: ltxcmds 2016/05/16 v1.23 LaTeX kernel commands for general use (HO)
)
\Gread@gobject=\count89
))
\Gin@req@height=\dimen106
\Gin@req@width=\dimen107
)
(/usr/share/texmf/tex/latex/tools/dcolumn.sty
Package: dcolumn 2014/10/28 v1.06 decimal alignment package (DPC)
)
(/usr/share/texmf/tex/latex/graphics/color.sty
Package: color 2016/05/09 v1.1c Standard LaTeX Color (DPC)

(/usr/share/texmf/tex/latex/graphics-cfg/color.cfg
File: color.cfg 2016/01/02 v1.6 sample color configuration
)
Package color Info: Driver file: pdftex.def on input line 144.
)
(/usr/share/texmf/tex/latex/doublestroke/dsfont.sty
Package: dsfont 1995/08/01 v0.1 Double stroke roman fonts
)
(/usr/share/texmf/tex/latex/tools/bm.sty
Package: bm 2016/02/27 v1.2a Bold Symbol Support (DPC/FMi)
\symboldoperators=\mathgroup4
\symboldletters=\mathgroup5
\symboldsymbols=\mathgroup6
LaTeX Font Info:    Redeclaring math alphabet \mathbf on input line 142.
LaTeX Info: Redefining \bm on input line 208.
)
(/usr/share/texmf/tex/latex/bbm-macros/bbm.sty
Package: bbm 1999/03/15 V 1.2 provides fonts for set symbols - TH
LaTeX Font Info:    Overwriting math alphabet `\mathbbm' in version `bold'
(Font)                  U/bbm/m/n --> U/bbm/bx/n on input line 33.
LaTeX Font Info:    Overwriting math alphabet `\mathbbmss' in version `bold'
(Font)                  U/bbmss/m/n --> U/bbmss/bx/n on input line 35.
)
(/usr/share/texmf/tex/latex/amsmath/amsmath.sty
Package: amsmath 2016/03/10 v2.15b AMS math features
\@mathmargin=\skip47

For additional information on amsmath, use the `?' option.
(/usr/share/texmf/tex/latex/amsmath/amstext.sty
Package: amstext 2000/06/29 v2.01 AMS text

(/usr/share/texmf/tex/latex/amsmath/amsgen.sty
File: amsgen.sty 1999/11/30 v2.0 generic functions
\@emptytoks=\toks16
\ex@=\dimen108
))
(/usr/share/texmf/tex/latex/amsmath/amsbsy.sty
Package: amsbsy 1999/11/29 v1.2d Bold Symbols
LaTeX Info: Redefining \boldsymbol on input line 28.
\pmbraise@=\dimen109
)
(/usr/share/texmf/tex/latex/amsmath/amsopn.sty
Package: amsopn 2016/03/08 v2.02 operator names
)
\inf@bad=\count90
LaTeX Info: Redefining \frac on input line 199.
\uproot@=\count91
\leftroot@=\count92
LaTeX Info: Redefining \overline on input line 297.
\classnum@=\count93
\DOTSCASE@=\count94
LaTeX Info: Redefining \ldots on input line 394.
LaTeX Info: Redefining \dots on input line 397.
LaTeX Info: Redefining \cdots on input line 518.
\Mathstrutbox@=\box26
\strutbox@=\box27
\big@size=\dimen110
LaTeX Font Info:    Redeclaring font encoding OML on input line 634.
LaTeX Font Info:    Redeclaring font encoding OMS on input line 635.
\macc@depth=\count95
\c@MaxMatrixCols=\count96
\dotsspace@=\muskip10
\c@parentequation=\count97
\dspbrk@lvl=\count98
\tag@help=\toks17
\row@=\count99
\column@=\count100
\maxfields@=\count101
\andhelp@=\toks18
\eqnshift@=\dimen111
\alignsep@=\dimen112
\tagshift@=\dimen113
\tagwidth@=\dimen114
\totwidth@=\dimen115
\lineht@=\dimen116
\@envbody=\toks19
\multlinegap=\skip48
\multlinetaggap=\skip49
\mathdisplay@stack=\toks20
LaTeX Info: Redefining \[ on input line 2739.
LaTeX Info: Redefining \] on input line 2740.
)
(/usr/share/texmf/tex/latex/amsfonts/amssymb.sty
Package: amssymb 2013/01/14 v3.01 AMS font symbols

(/usr/share/texmf/tex/latex/amsfonts/amsfonts.sty
Package: amsfonts 2013/01/14 v3.01 Basic AMSFonts support
\symAMSa=\mathgroup7
\symAMSb=\mathgroup8
LaTeX Font Info:    Overwriting math alphabet `\mathfrak' in version `bold'
(Font)                  U/euf/m/n --> U/euf/b/n on input line 106.
))
(/usr/share/texmf/tex/latex/jknapltx/mathrsfs.sty
Package: mathrsfs 1996/01/01 Math RSFS package v1.0 (jk)
\symrsfs=\mathgroup9
)
(/usr/share/texmf/tex/latex/float/float.sty
Package: float 2001/11/08 v1.3d Float enhancements (AL)
\c@float@type=\count102
\float@exts=\toks21
\float@box=\box28
\@float@everytoks=\toks22
\@floatcapt=\box29
)
(/usr/share/texmf/tex/generic/mathdots/mathdots.sty
Package: mathdots 2014/06/11 v0.9 Improve and add various macros for dots in ma
th.
\MDo@unit=\dimen117
\MDo@dotsbox=\box30
\MDoprekern=\muskip11
\MDopostkern=\muskip12
\MDodotkern=\muskip13
)
(/usr/share/texmf/tex/latex/mathtools/mathtools.sty
Package: mathtools 2015/11/12 v1.18 mathematical typesetting tools

(/usr/share/texmf/tex/latex/tools/calc.sty
Package: calc 2014/10/28 v4.3 Infix arithmetic (KKT,FJ)
\calc@Acount=\count103
\calc@Bcount=\count104
\calc@Adimen=\dimen118
\calc@Bdimen=\dimen119
\calc@Askip=\skip50
\calc@Bskip=\skip51
LaTeX Info: Redefining \setlength on input line 80.
LaTeX Info: Redefining \addtolength on input line 81.
\calc@Ccount=\count105
\calc@Cskip=\skip52
)
(/usr/share/texmf/tex/latex/mathtools/mhsetup.sty
Package: mhsetup 2010/01/21 v1.2a programming setup (MH)
)
LaTeX Info: Thecontrolsequence`\('isalreadyrobust on input line 129.
LaTeX Info: Thecontrolsequence`\)'isalreadyrobust on input line 129.
LaTeX Info: Thecontrolsequence`\['isalreadyrobust on input line 129.
LaTeX Info: Thecontrolsequence`\]'isalreadyrobust on input line 129.
\g_MT_multlinerow_int=\count106
\l_MT_multwidth_dim=\dimen120
\origjot=\skip53
\l_MT_shortvdotswithinadjustabove_dim=\dimen121
\l_MT_shortvdotswithinadjustbelow_dim=\dimen122
\l_MT_above_intertext_sep=\dimen123
\l_MT_below_intertext_sep=\dimen124
\l_MT_above_shortintertext_sep=\dimen125
\l_MT_below_shortintertext_sep=\dimen126
)
(/usr/share/texmf/tex/latex/fancybox/fancybox.sty
Package: fancybox 2010/05/15 1.4

Style option: `fancybox' v1.4 <2010/05/15> (tvz)
\@fancybox=\box31
\shadowsize=\dimen127
\@Sbox=\box32
\do@VerbBox=\toks23
\the@fancyput=\toks24
\this@fancyput=\toks25
\EndVerbatimTokens=\toks26
\Verbatim@Outfile=\write3
\Verbatim@Infile=\read1
) (/usr/share/texmf/tex/latex/fancyvrb/fancyvrb.sty
Package: fancyvrb 2008/02/07

Style option: `fancyvrb' v2.7a, with DG/SPQR fixes, and firstline=lastline fix 
<2008/02/07> (tvz)
\FV@CodeLineNo=\count107
\FV@InFile=\read2
\FV@TabBox=\box33
\c@FancyVerbLine=\count108
\FV@StepNumber=\count109
\FV@OutFile=\write4
) (/usr/share/texmf/tex/latex/arydshln/arydshln.sty
Package: arydshln 2016/04/28 v1.73 
\dashlinedash=\dimen128
\dashlinegap=\dimen129
\adl@box=\box34
\adl@height=\dimen130
\adl@heightsave=\dimen131
\adl@depth=\dimen132
\adl@depthsave=\dimen133
\adl@finaldepth=\dimen134
\adl@columns=\count110
\adl@ncol=\count111
\adl@currentcolumn=\count112
\adl@currentcolumnsave=\count113
\adl@totalheight=\count114
\adl@totalheightsave=\count115
\adl@dash=\count116
\adl@gap=\count117
\adl@cla=\count118
\adl@clb=\count119
\adl@everyvbox=\toks27
\adl@LTpagetotal=\dimen135
)
(/usr/share/texmf/tex/latex/tools/verbatim.sty
Package: verbatim 2014/10/28 v1.5q LaTeX2e package for verbatim enhancements
\every@verbatim=\toks28
\verbatim@line=\toks29
\verbatim@in@stream=\read3
)
(/usr/share/texmf/tex/latex/bbding/bbding.sty
Package: bbding 1999/04/15 v1.01 Dingbats symbols
)
(/usr/share/texmf/tex/latex/url/url.sty
\Urlmuskip=\muskip14
Package: url 2013/09/16  ver 3.4  Verb mode for urls, etc.
)
(/usr/share/texmf/tex/latex/etoolbox/etoolbox.sty
Package: etoolbox 2015/08/02 v2.2a e-TeX tools for LaTeX (JAW)
\etb@tempcnta=\count120
)
Package color Info: Redefining color cyan on input line 62.
)) (./FullWaveSubstrate.aux

LaTeX Warning: Label `DeltaMSpectralOuter' multiply defined.

)
\openout1 = `FullWaveSubstrate.aux'.

LaTeX Font Info:    Checking defaults for OML/cmm/m/it on input line 33.
LaTeX Font Info:    ... okay on input line 33.
LaTeX Font Info:    Checking defaults for T1/cmr/m/n on input line 33.
LaTeX Font Info:    ... okay on input line 33.
LaTeX Font Info:    Checking defaults for OT1/cmr/m/n on input line 33.
LaTeX Font Info:    ... okay on input line 33.
LaTeX Font Info:    Checking defaults for OMS/cmsy/m/n on input line 33.
LaTeX Font Info:    ... okay on input line 33.
LaTeX Font Info:    Checking defaults for OMX/cmex/m/n on input line 33.
LaTeX Font Info:    ... okay on input line 33.
LaTeX Font Info:    Checking defaults for U/cmr/m/n on input line 33.
LaTeX Font Info:    ... okay on input line 33.
 (/usr/share/texmf/tex/context/base/mkii/supp-pdf.mkii
[Loading MPS to PDF converter (version 2006.09.02).]
\scratchcounter=\count121
\scratchdimen=\dimen136
\scratchbox=\box35
\nofMPsegments=\count122
\nofMParguments=\count123
\everyMPshowfont=\toks30
\MPscratchCnt=\count124
\MPscratchDim=\dimen137
\MPnumerator=\count125
\makeMPintoPDFobject=\count126
\everyMPtoPDFconversion=\toks31
) (/usr/share/texmf/tex/generic/oberdiek/pdftexcmds.sty
Package: pdftexcmds 2016/05/10 v0.21 Utility functions of pdfTeX for LuaTeX (HO
)

(/usr/share/texmf/tex/generic/oberdiek/ifluatex.sty
Package: ifluatex 2016/05/16 v1.4 Provides the ifluatex switch (HO)
Package ifluatex Info: LuaTeX not detected.
)
(/usr/share/texmf/tex/generic/oberdiek/ifpdf.sty
Package: ifpdf 2016/05/14 v3.1 Provides the ifpdf switch
)
Package pdftexcmds Info: LuaTeX not detected.
Package pdftexcmds Info: \pdf@primitive is available.
Package pdftexcmds Info: \pdf@ifprimitive is available.
Package pdftexcmds Info: \pdfdraftmode found.
)
(/usr/share/texmf/tex/latex/oberdiek/epstopdf-base.sty
Package: epstopdf-base 2016/05/15 v2.6 Base part for package epstopdf

(/usr/share/texmf/tex/latex/oberdiek/grfext.sty
Package: grfext 2016/05/16 v1.2 Manage graphics extensions (HO)

(/usr/share/texmf/tex/generic/oberdiek/kvdefinekeys.sty
Package: kvdefinekeys 2016/05/16 v1.4 Define keys (HO)
))
(/usr/share/texmf/tex/latex/oberdiek/kvoptions.sty
Package: kvoptions 2016/05/16 v3.12 Key value format for package options (HO)

(/usr/share/texmf/tex/generic/oberdiek/kvsetkeys.sty
Package: kvsetkeys 2016/05/16 v1.17 Key value parser (HO)

(/usr/share/texmf/tex/generic/oberdiek/etexcmds.sty
Package: etexcmds 2016/05/16 v1.6 Avoid name clashes with e-TeX commands (HO)
Package etexcmds Info: Could not find \expanded.
(etexcmds)             That can mean that you are not using pdfTeX 1.50 or
(etexcmds)             that some package has redefined \expanded.
(etexcmds)             In the latter case, load this package earlier.
)))
Package grfext Info: Graphics extension search list:
(grfext)             [.png,.pdf,.jpg,.mps,.jpeg,.jbig2,.jb2,.PNG,.PDF,.JPG,.JPE
G,.JBIG2,.JB2,.eps]
(grfext)             \AppendGraphicsExtensions on input line 456.

(/usr/share/texmf/tex/latex/latexconfig/epstopdf-sys.cfg
File: epstopdf-sys.cfg 2010/07/13 v1.3 Configuration of (r)epstopdf for TeX Liv
e
))
LaTeX Font Info:    Try loading font information for U+msa on input line 37.

(/usr/share/texmf/tex/latex/amsfonts/umsa.fd
File: umsa.fd 2013/01/14 v3.01 AMS symbols A
)
LaTeX Font Info:    Try loading font information for U+msb on input line 37.

(/usr/share/texmf/tex/latex/amsfonts/umsb.fd
File: umsb.fd 2013/01/14 v3.01 AMS symbols B
)
LaTeX Font Info:    Try loading font information for U+rsfs on input line 37.

(/usr/share/texmf/tex/latex/jknapltx/ursfs.fd
File: ursfs.fd 1998/03/24 rsfs font definition file (jk)
) (./FullWaveSubstrate.toc
Overfull \hbox (4.36638pt too wide) in paragraph at lines 5--5
 [] []\OT1/cmr/m/sc/10 libsubstrate: \OT1/cmr/bx/n/10 Nu-mer-i-cal com-pu-ta-ti
on of sub-strate Green's func- 
 []

)
\tf@toc=\write5
\openout5 = `FullWaveSubstrate.toc'.

 [1



{/var/lib/texmf/fonts/map/pdftex/updmap/pdftex.map}]

LaTeX Warning: No positions in optional float specifier.
               Default added (so using `!tbp') on input line 82.

<figures/MultilayerSubstrate.pdf, id=18, 347.78627pt x 130.06287pt>
File: figures/MultilayerSubstrate.pdf Graphic file (type pdf)

<use figures/MultilayerSubstrate.pdf>
Package pdftex.def Info: figures/MultilayerSubstrate.pdf used on input line 84.

(pdftex.def)             Requested size: 347.78542pt x 130.06253pt.


Package amsmath Warning: Foreign command \atopwithdelims;
(amsmath)                \frac or \genfrac should be used instead
(amsmath)                 on input line 105.

[2 <./figures/MultilayerSubstrate.pdf>]
Overfull \hbox (2.6552pt too wide) detected at line 148
\OT1/cmr/bx/n/10 x[]\OML/cmm/m/it/10 ; \OT1/cmr/bx/n/10 x[] \OMS/cmsy/m/n/10 2 
[]\OML/cmm/m/it/10 r  \OT1/cmr/m/n/10 =[]\OMS/cmsy/m/n/10 )  []\OT1/cmr/m/n/10 
(\OML/cmm/m/it/10 !\OT1/cmr/m/n/10 ; \OT1/cmr/bx/n/10 x[]\OML/cmm/m/it/10 ; \OT
1/cmr/bx/n/10 x[]\OT1/cmr/m/n/10 ) = [][](\OML/cmm/m/it/10 !\OT1/cmr/m/n/10 ; \
OT1/cmr/bx/n/10 x[] \OMS/cmsy/m/n/10 ^^@ \OT1/cmr/bx/n/10 x[]\OT1/cmr/m/n/10 )
 []


Overfull \hbox (21.93916pt too wide) in paragraph at lines 212--212
[] 
 []

[3] [4]

LaTeX Warning: Reference `SommerfeldSection' on page 5 undefined on input line 
278.

[5]
<figures/MultilayerSubstrateWithSurfaceCurrents.pdf, id=46, 347.78627pt x 130.0
6287pt>
File: figures/MultilayerSubstrateWithSurfaceCurrents.pdf Graphic file (type pdf
)
 <use figures/MultilayerSubstrateWithSurfaceCurrents.pdf>
Package pdftex.def Info: figures/MultilayerSubstrateWithSurfaceCurrents.pdf use
d on input line 293.
(pdftex.def)             Requested size: 347.78542pt x 130.06253pt.
LaTeX Font Info:    Try loading font information for OMS+cmr on input line 331.


(/usr/share/texmf/tex/latex/base/omscmr.fd
File: omscmr.fd 2014/09/29 v2.5h Standard LaTeX font definitions
)
LaTeX Font Info:    Font shape `OMS/cmr/m/n' in size <10> not available
(Font)              Font shape `OMS/cmsy/m/n' tried instead on input line 331.
 [6 <./figures/MultilayerSubstrateWithSurfaceCurrents.pdf>]
Overfull \hbox (5.49658pt too wide) in paragraph at lines 428--428
[] 
 []

[7] [8]
Overfull \hbox (3.98729pt too wide) in paragraph at lines 652--652
[] 
 []

[9] [10]
Overfull \hbox (21.98466pt too wide) in paragraph at lines 727--727
\OT1/cmr/m/n/10 or, in po-lar co-or-di-nates with $(\OML/cmm/m/it/10 q[]; q[]\O
T1/cmr/m/n/10 ) = (\OML/cmm/m/it/10 q [] ^^R[]; q [] ^^R[]\OT1/cmr/m/n/10 )\OML
/cmm/m/it/10 ;$ $\OT1/cmr/m/n/10 (\OML/cmm/m/it/10 ^^Z[]; ^^Z[]\OT1/cmr/m/n/10 
) = (\OML/cmm/m/it/10 ^^Z [] ^^R[]; ^^Z [] ^^R[]\OT1/cmr/m/n/10 )\OML/cmm/m/it/
10 ;$ 
 []


Overfull \hbox (21.98466pt too wide) in paragraph at lines 727--727
\OT1/cmr/m/n/10 or, in po-lar co-or-di-nates with $(\OML/cmm/m/it/10 q[]; q[]\O
T1/cmr/m/n/10 ) = (\OML/cmm/m/it/10 q [] ^^R[]; q [] ^^R[]\OT1/cmr/m/n/10 )\OML
/cmm/m/it/10 ;$ $\OT1/cmr/m/n/10 (\OML/cmm/m/it/10 ^^Z[]; ^^Z[]\OT1/cmr/m/n/10 
) = (\OML/cmm/m/it/10 ^^Z [] ^^R[]; ^^Z [] ^^R[]\OT1/cmr/m/n/10 )\OML/cmm/m/it/
10 ;$ 
 []

LaTeX Font Info:    Try loading font information for U+euf on input line 734.
(/usr/share/texmf/tex/latex/amsfonts/ueuf.fd
File: ueuf.fd 2013/01/14 v3.01 Euler Fraktur
)
Overfull \hbox (11.782pt too wide) in paragraph at lines 866--866
[] 
 []

[11] [12] [13] [14] [15] [16] [17]
LaTeX Font Info:    Font shape `OT1/cmtt/bx/n' in size <10> not available
(Font)              Font shape `OT1/cmtt/m/n' tried instead on input line 1179.


Overfull \hbox (9.70941pt too wide) in paragraph at lines 1181--1188
\OT1/cmr/m/n/10 The unit-test code \OT1/cmtt/m/n/10 tGTwiddle.cc \OT1/cmr/m/n/1
0 tests that the full Fourier-space DGF $[](\OT1/cmr/bx/n/10 q\OML/cmm/m/it/10 
; z[]; z[]\OT1/cmr/m/n/10 )$
 []


LaTeX Warning: Reference `MultilayerSubstrate.pdf' on page 18 undefined on inpu
t line 1202.

[18]
Overfull \hbox (102.79984pt too wide) in paragraph at lines 1232--1300
[]
 []


Underfull \hbox (badness 10000) in paragraph at lines 1232--1300

 []


Overfull \hbox (60.94003pt too wide) in paragraph at lines 1308--1346
[]
 []


Underfull \hbox (badness 10000) in paragraph at lines 1308--1346

 []

[19] [20]
Overfull \hbox (3.70407pt too wide) in paragraph at lines 1394--1394
[] 
 []


Overfull \hbox (135.26814pt too wide) detected at line 1429
[] \OT1/cmr/m/n/10 = [] \OML/cmm/m/it/10 ? []
 []

[21] (./FullWaveSubstrate.aux)

LaTeX Warning: There were undefined references.


LaTeX Warning: There were multiply-defined labels.

 ) 
Here is how much of TeX's memory you used:
 5524 strings out of 494041
 73019 string characters out of 6158496
 164094 words of memory out of 5000000
 8744 multiletter control sequences out of 15000+600000
 23384 words of font info for 90 fonts, out of 8000000 for 9000
 475 hyphenation exceptions out of 8191
 38i,26n,28p,820b,304s stack positions out of 5000i,500n,10000p,200000b,80000s
</usr/share/texmf/fonts/type1/public/amsfonts/cm/cmbsy10.pfb></usr/share/texm
f/fonts/type1/public/amsfonts/cmextra/cmbsy8.pfb></usr/share/texmf/fonts/type1/
public/amsfonts/cm/cmbx10.pfb></usr/share/texmf/fonts/type1/public/amsfonts/cm/
cmbx12.pfb></usr/share/texmf/fonts/type1/public/amsfonts/cm/cmbx5.pfb></usr/sha
re/texmf/fonts/type1/public/amsfonts/cm/cmbx7.pfb></usr/share/texmf/fonts/type1
/public/amsfonts/cm/cmbx8.pfb></usr/share/texmf/fonts/type1/public/amsfonts/cm/
cmcsc10.pfb></usr/share/texmf/fonts/type1/public/amsfonts/cm/cmex10.pfb></usr/s
hare/texmf/fonts/type1/public/amsfonts/cmextra/cmex7.pfb></usr/share/texmf/font
s/type1/public/amsfonts/cmextra/cmex8.pfb></usr/share/texmf/fonts/type1/public/
amsfonts/cm/cmmi10.pfb></usr/share/texmf/fonts/type1/public/amsfonts/cm/cmmi5.p
fb></usr/share/texmf/fonts/type1/public/amsfonts/cm/cmmi6.pfb></usr/share/texmf
/fonts/type1/public/amsfonts/cm/cmmi7.pfb></usr/share/texmf/fonts/type1/public/
amsfonts/cm/cmmi8.pfb></usr/share/texmf/fonts/type1/public/amsfonts/cm/cmmib10.
pfb></usr/share/texmf/fonts/type1/public/amsfonts/cmextra/cmmib7.pfb></usr/shar
e/texmf/fonts/type1/public/amsfonts/cmextra/cmmib8.pfb></usr/share/texmf/fonts/
type1/public/amsfonts/cm/cmr10.pfb></usr/share/texmf/fonts/type1/public/amsfont
s/cm/cmr12.pfb></usr/share/texmf/fonts/type1/public/amsfonts/cm/cmr17.pfb></usr
/share/texmf/fonts/type1/public/amsfonts/cm/cmr5.pfb></usr/share/texmf/fonts/ty
pe1/public/amsfonts/cm/cmr6.pfb></usr/share/texmf/fonts/type1/public/amsfonts/c
m/cmr7.pfb></usr/share/texmf/fonts/type1/public/amsfonts/cm/cmr8.pfb></usr/shar
e/texmf/fonts/type1/public/amsfonts/cm/cmsl10.pfb></usr/share/texmf/fonts/type1
/public/amsfonts/cm/cmsy10.pfb></usr/share/texmf/fonts/type1/public/amsfonts/cm
/cmsy5.pfb></usr/share/texmf/fonts/type1/public/amsfonts/cm/cmsy6.pfb></usr/sha
re/texmf/fonts/type1/public/amsfonts/cm/cmsy7.pfb></usr/share/texmf/fonts/type1
/public/amsfonts/cm/cmsy8.pfb></usr/share/texmf/fonts/type1/public/amsfonts/cm/
cmti10.pfb></usr/share/texmf/fonts/type1/public/amsfonts/cm/cmtt10.pfb></usr/sh
are/texmf/fonts/type1/public/amsfonts/cm/cmtt8.pfb></usr/share/texmf/fonts/type
1/public/amsfonts/euler/eufm10.pfb></usr/share/texmf/fonts/type1/public/amsfont
s/euler/eufm7.pfb></usr/share/texmf/fonts/type1/public/amsfonts/symbols/msbm10.
pfb>
Output written on FullWaveSubstrate.pdf (21 pages, 462891 bytes).
PDF statistics:
 231 PDF objects out of 1000 (max. 8388607)
 166 compressed objects within 2 object streams
 0 named destinations out of 1000 (max. 500000)
 11 words of extra memory for PDF output out of 10000 (max. 10000000)

