This is pdfTeX, Version 3.14159265-2.6-1.40.17 (TeX Live 2016/TeX Live for SUSE Linux) (preloaded format=pdflatex 2018.4.5)  14 APR 2018 04:45
entering extended mode
 restricted \write18 enabled.
 %&-line parsing enabled.
**lsInnards.tex
(./lsInnards.tex
LaTeX2e <2016/03/31>
Babel <3.9r> and hyphenation patterns for 51 language(s) loaded.
(/usr/share/texmf/tex/latex/base/article.cls
Document Class: article 2014/09/29 v1.4h Standard LaTeX document class
(/usr/share/texmf/tex/latex/base/size10.clo
File: size10.clo 2014/09/29 v1.4h Standard LaTeX file (size option)
)
\c@part=\count79
\c@section=\count80
\c@subsection=\count81
\c@subsubsection=\count82
\c@paragraph=\count83
\c@subparagraph=\count84
\c@figure=\count85
\c@table=\count86
\abovecaptionskip=\skip41
\belowcaptionskip=\skip42
\bibindent=\dimen102
) (./scufftex.tex
\@input{HRCommands.aux}
\openout2 = `HRCommands.aux'.

(/home/homer/misc/HRCommands.tex (/usr/share/texmf/tex/generic/babel/babel.sty
Package: babel 2016/04/23 3.9r The Babel package

(/usr/share/texmf/tex/generic/babel-english/english.ldf
Language: english 2012/08/20 v3.3p English support from the babel system

(/usr/share/texmf/tex/generic/babel/babel.def
File: babel.def 2016/04/23 3.9r Babel common definitions
\babel@savecnt=\count87
\U@D=\dimen103
)
\l@canadian = a dialect from \language\l@american 
\l@australian = a dialect from \language\l@british 
\l@newzealand = a dialect from \language\l@british 
))
(/usr/share/texmf/tex/latex/graphics/graphicx.sty
Package: graphicx 2014/10/28 v1.0g Enhanced LaTeX Graphics (DPC,SPQR)

(/usr/share/texmf/tex/latex/graphics/keyval.sty
Package: keyval 2014/10/28 v1.15 key=value parser (DPC)
\KV@toks@=\toks14
)
(/usr/share/texmf/tex/latex/graphics/graphics.sty
Package: graphics 2016/05/09 v1.0r Standard LaTeX Graphics (DPC,SPQR)

(/usr/share/texmf/tex/latex/graphics/trig.sty
Package: trig 2016/01/03 v1.10 sin cos tan (DPC)
)
(/usr/share/texmf/tex/latex/graphics-cfg/graphics.cfg
File: graphics.cfg 2016/01/02 v1.10 sample graphics configuration
)
Package graphics Info: Driver file: pdftex.def on input line 96.

(/usr/share/texmf/tex/latex/pdftex-def/pdftex.def
File: pdftex.def 2011/05/27 v0.06d Graphics/color for pdfTeX

(/usr/share/texmf/tex/generic/oberdiek/infwarerr.sty
Package: infwarerr 2016/05/16 v1.4 Providing info/warning/error messages (HO)
)
(/usr/share/texmf/tex/generic/oberdiek/ltxcmds.sty
Package: ltxcmds 2016/05/16 v1.23 LaTeX kernel commands for general use (HO)
)
\Gread@gobject=\count88
))
\Gin@req@height=\dimen104
\Gin@req@width=\dimen105
)
(/usr/share/texmf/tex/latex/tools/dcolumn.sty
Package: dcolumn 2014/10/28 v1.06 decimal alignment package (DPC)

(/usr/share/texmf/tex/latex/tools/array.sty
Package: array 2014/10/28 v2.4c Tabular extension package (FMi)
\col@sep=\dimen106
\extrarowheight=\dimen107
\NC@list=\toks15
\extratabsurround=\skip43
\backup@length=\skip44
))
(/usr/share/texmf/tex/latex/graphics/color.sty
Package: color 2016/05/09 v1.1c Standard LaTeX Color (DPC)

(/usr/share/texmf/tex/latex/graphics-cfg/color.cfg
File: color.cfg 2016/01/02 v1.6 sample color configuration
)
Package color Info: Driver file: pdftex.def on input line 144.
)
(/usr/share/texmf/tex/latex/doublestroke/dsfont.sty
Package: dsfont 1995/08/01 v0.1 Double stroke roman fonts
)
(/usr/share/texmf/tex/latex/tools/bm.sty
Package: bm 2016/02/27 v1.2a Bold Symbol Support (DPC/FMi)
\symboldoperators=\mathgroup4
\symboldletters=\mathgroup5
\symboldsymbols=\mathgroup6
LaTeX Font Info:    Redeclaring math alphabet \mathbf on input line 142.
LaTeX Info: Redefining \bm on input line 208.
)
(/usr/share/texmf/tex/latex/bbm-macros/bbm.sty
Package: bbm 1999/03/15 V 1.2 provides fonts for set symbols - TH
LaTeX Font Info:    Overwriting math alphabet `\mathbbm' in version `bold'
(Font)                  U/bbm/m/n --> U/bbm/bx/n on input line 33.
LaTeX Font Info:    Overwriting math alphabet `\mathbbmss' in version `bold'
(Font)                  U/bbmss/m/n --> U/bbmss/bx/n on input line 35.
)
(/usr/share/texmf/tex/latex/amsmath/amsmath.sty
Package: amsmath 2016/03/10 v2.15b AMS math features
\@mathmargin=\skip45

For additional information on amsmath, use the `?' option.
(/usr/share/texmf/tex/latex/amsmath/amstext.sty
Package: amstext 2000/06/29 v2.01 AMS text

(/usr/share/texmf/tex/latex/amsmath/amsgen.sty
File: amsgen.sty 1999/11/30 v2.0 generic functions
\@emptytoks=\toks16
\ex@=\dimen108
))
(/usr/share/texmf/tex/latex/amsmath/amsbsy.sty
Package: amsbsy 1999/11/29 v1.2d Bold Symbols
LaTeX Info: Redefining \boldsymbol on input line 28.
\pmbraise@=\dimen109
)
(/usr/share/texmf/tex/latex/amsmath/amsopn.sty
Package: amsopn 2016/03/08 v2.02 operator names
)
\inf@bad=\count89
LaTeX Info: Redefining \frac on input line 199.
\uproot@=\count90
\leftroot@=\count91
LaTeX Info: Redefining \overline on input line 297.
\classnum@=\count92
\DOTSCASE@=\count93
LaTeX Info: Redefining \ldots on input line 394.
LaTeX Info: Redefining \dots on input line 397.
LaTeX Info: Redefining \cdots on input line 518.
\Mathstrutbox@=\box26
\strutbox@=\box27
\big@size=\dimen110
LaTeX Font Info:    Redeclaring font encoding OML on input line 634.
LaTeX Font Info:    Redeclaring font encoding OMS on input line 635.
\macc@depth=\count94
\c@MaxMatrixCols=\count95
\dotsspace@=\muskip10
\c@parentequation=\count96
\dspbrk@lvl=\count97
\tag@help=\toks17
\row@=\count98
\column@=\count99
\maxfields@=\count100
\andhelp@=\toks18
\eqnshift@=\dimen111
\alignsep@=\dimen112
\tagshift@=\dimen113
\tagwidth@=\dimen114
\totwidth@=\dimen115
\lineht@=\dimen116
\@envbody=\toks19
\multlinegap=\skip46
\multlinetaggap=\skip47
\mathdisplay@stack=\toks20
LaTeX Info: Redefining \[ on input line 2739.
LaTeX Info: Redefining \] on input line 2740.
)
(/usr/share/texmf/tex/latex/amsfonts/amssymb.sty
Package: amssymb 2013/01/14 v3.01 AMS font symbols

(/usr/share/texmf/tex/latex/amsfonts/amsfonts.sty
Package: amsfonts 2013/01/14 v3.01 Basic AMSFonts support
\symAMSa=\mathgroup7
\symAMSb=\mathgroup8
LaTeX Font Info:    Overwriting math alphabet `\mathfrak' in version `bold'
(Font)                  U/euf/m/n --> U/euf/b/n on input line 106.
))
(/usr/share/texmf/tex/latex/jknapltx/mathrsfs.sty
Package: mathrsfs 1996/01/01 Math RSFS package v1.0 (jk)
\symrsfs=\mathgroup9
)
(/usr/share/texmf/tex/latex/float/float.sty
Package: float 2001/11/08 v1.3d Float enhancements (AL)
\c@float@type=\count101
\float@exts=\toks21
\float@box=\box28
\@float@everytoks=\toks22
\@floatcapt=\box29
)
(/usr/share/texmf/tex/generic/mathdots/mathdots.sty
Package: mathdots 2014/06/11 v0.9 Improve and add various macros for dots in ma
th.
\MDo@unit=\dimen117
\MDo@dotsbox=\box30
\MDoprekern=\muskip11
\MDopostkern=\muskip12
\MDodotkern=\muskip13
)
(/usr/share/texmf/tex/latex/mathtools/mathtools.sty
Package: mathtools 2015/11/12 v1.18 mathematical typesetting tools

(/usr/share/texmf/tex/latex/tools/calc.sty
Package: calc 2014/10/28 v4.3 Infix arithmetic (KKT,FJ)
\calc@Acount=\count102
\calc@Bcount=\count103
\calc@Adimen=\dimen118
\calc@Bdimen=\dimen119
\calc@Askip=\skip48
\calc@Bskip=\skip49
LaTeX Info: Redefining \setlength on input line 80.
LaTeX Info: Redefining \addtolength on input line 81.
\calc@Ccount=\count104
\calc@Cskip=\skip50
)
(/usr/share/texmf/tex/latex/mathtools/mhsetup.sty
Package: mhsetup 2010/01/21 v1.2a programming setup (MH)
)
LaTeX Info: Thecontrolsequence`\('isalreadyrobust on input line 129.
LaTeX Info: Thecontrolsequence`\)'isalreadyrobust on input line 129.
LaTeX Info: Thecontrolsequence`\['isalreadyrobust on input line 129.
LaTeX Info: Thecontrolsequence`\]'isalreadyrobust on input line 129.
\g_MT_multlinerow_int=\count105
\l_MT_multwidth_dim=\dimen120
\origjot=\skip51
\l_MT_shortvdotswithinadjustabove_dim=\dimen121
\l_MT_shortvdotswithinadjustbelow_dim=\dimen122
\l_MT_above_intertext_sep=\dimen123
\l_MT_below_intertext_sep=\dimen124
\l_MT_above_shortintertext_sep=\dimen125
\l_MT_below_shortintertext_sep=\dimen126
)
(/usr/share/texmf/tex/latex/fancybox/fancybox.sty
Package: fancybox 2010/05/15 1.4

Style option: `fancybox' v1.4 <2010/05/15> (tvz)
\@fancybox=\box31
\shadowsize=\dimen127
\@Sbox=\box32
\do@VerbBox=\toks23
\the@fancyput=\toks24
\this@fancyput=\toks25
\EndVerbatimTokens=\toks26
\Verbatim@Outfile=\write3
\Verbatim@Infile=\read1
) (/usr/share/texmf/tex/latex/fancyvrb/fancyvrb.sty
Package: fancyvrb 2008/02/07

Style option: `fancyvrb' v2.7a, with DG/SPQR fixes, and firstline=lastline fix 
<2008/02/07> (tvz)
\FV@CodeLineNo=\count106
\FV@InFile=\read2
\FV@TabBox=\box33
\c@FancyVerbLine=\count107
\FV@StepNumber=\count108
\FV@OutFile=\write4
) (/usr/share/texmf/tex/latex/arydshln/arydshln.sty
Package: arydshln 2016/04/28 v1.73 
\dashlinedash=\dimen128
\dashlinegap=\dimen129
\adl@box=\box34
\adl@height=\dimen130
\adl@heightsave=\dimen131
\adl@depth=\dimen132
\adl@depthsave=\dimen133
\adl@finaldepth=\dimen134
\adl@columns=\count109
\adl@ncol=\count110
\adl@currentcolumn=\count111
\adl@currentcolumnsave=\count112
\adl@totalheight=\count113
\adl@totalheightsave=\count114
\adl@dash=\count115
\adl@gap=\count116
\adl@cla=\count117
\adl@clb=\count118
\adl@everyvbox=\toks27
\adl@LTpagetotal=\dimen135
)
(/usr/share/texmf/tex/latex/tools/verbatim.sty
Package: verbatim 2014/10/28 v1.5q LaTeX2e package for verbatim enhancements
\every@verbatim=\toks28
\verbatim@line=\toks29
\verbatim@in@stream=\read3
)
(/usr/share/texmf/tex/latex/bbding/bbding.sty
Package: bbding 1999/04/15 v1.01 Dingbats symbols
)
(/usr/share/texmf/tex/latex/url/url.sty
\Urlmuskip=\muskip14
Package: url 2013/09/16  ver 3.4  Verb mode for urls, etc.
)
(/usr/share/texmf/tex/latex/etoolbox/etoolbox.sty
Package: etoolbox 2015/08/02 v2.2a e-TeX tools for LaTeX (JAW)
\etb@tempcnta=\count119
)
Package color Info: Redefining color cyan on input line 62.
)) (./lsInnards.aux
(./lsInnardsSections/GeometriesSection.aux) (./lsInnardsSections/DGFSection.aux
) (./lsInnardsSections/FieldsOfIndividualBFs.aux)
(./lsInnardsSections/FieldComputation.aux)
(./lsInnardsSections/Formulations.aux) (./lsInnardsSections/PanelIntegrals.aux)
(./lsInnardsSections/PanelPanelIntegrals.aux) (./lsInnardsSections/FIPPI.aux)
(./lsInnardsSections/IntegralDerivatives.aux)
(./lsInnardsSections/OverlapIntegrals.aux)
(./lsInnardsSections/CartesianMultipoleMoments.aux)
(./lsInnardsSections/SphericalMultipoleMoments.aux)
(./lsInnardsSections/FieldsAtPanelCentroids.aux) (./lsInnardsSections/PBC.aux

LaTeX Warning: Label `EScatPBC' multiply defined.


LaTeX Warning: Label `EFIE' multiply defined.

) (./IndexNotationAppendix.aux) (./SphericalHelmholtzAppendix.aux)
(./RelativeExponentialAppendix.aux))
\openout1 = `lsInnards.aux'.

LaTeX Font Info:    Checking defaults for OML/cmm/m/it on input line 28.
LaTeX Font Info:    ... okay on input line 28.
LaTeX Font Info:    Checking defaults for T1/cmr/m/n on input line 28.
LaTeX Font Info:    ... okay on input line 28.
LaTeX Font Info:    Checking defaults for OT1/cmr/m/n on input line 28.
LaTeX Font Info:    ... okay on input line 28.
LaTeX Font Info:    Checking defaults for OMS/cmsy/m/n on input line 28.
LaTeX Font Info:    ... okay on input line 28.
LaTeX Font Info:    Checking defaults for OMX/cmex/m/n on input line 28.
LaTeX Font Info:    ... okay on input line 28.
LaTeX Font Info:    Checking defaults for U/cmr/m/n on input line 28.
LaTeX Font Info:    ... okay on input line 28.

(/usr/share/texmf/tex/context/base/mkii/supp-pdf.mkii
[Loading MPS to PDF converter (version 2006.09.02).]
\scratchcounter=\count120
\scratchdimen=\dimen136
\scratchbox=\box35
\nofMPsegments=\count121
\nofMParguments=\count122
\everyMPshowfont=\toks30
\MPscratchCnt=\count123
\MPscratchDim=\dimen137
\MPnumerator=\count124
\makeMPintoPDFobject=\count125
\everyMPtoPDFconversion=\toks31
) (/usr/share/texmf/tex/generic/oberdiek/pdftexcmds.sty
Package: pdftexcmds 2016/05/10 v0.21 Utility functions of pdfTeX for LuaTeX (HO
)

(/usr/share/texmf/tex/generic/oberdiek/ifluatex.sty
Package: ifluatex 2016/05/16 v1.4 Provides the ifluatex switch (HO)
Package ifluatex Info: LuaTeX not detected.
)
(/usr/share/texmf/tex/generic/oberdiek/ifpdf.sty
Package: ifpdf 2016/05/14 v3.1 Provides the ifpdf switch
)
Package pdftexcmds Info: LuaTeX not detected.
Package pdftexcmds Info: \pdf@primitive is available.
Package pdftexcmds Info: \pdf@ifprimitive is available.
Package pdftexcmds Info: \pdfdraftmode found.
)
(/usr/share/texmf/tex/latex/oberdiek/epstopdf-base.sty
Package: epstopdf-base 2016/05/15 v2.6 Base part for package epstopdf

(/usr/share/texmf/tex/latex/oberdiek/grfext.sty
Package: grfext 2016/05/16 v1.2 Manage graphics extensions (HO)

(/usr/share/texmf/tex/generic/oberdiek/kvdefinekeys.sty
Package: kvdefinekeys 2016/05/16 v1.4 Define keys (HO)
))
(/usr/share/texmf/tex/latex/oberdiek/kvoptions.sty
Package: kvoptions 2016/05/16 v3.12 Key value format for package options (HO)

(/usr/share/texmf/tex/generic/oberdiek/kvsetkeys.sty
Package: kvsetkeys 2016/05/16 v1.17 Key value parser (HO)

(/usr/share/texmf/tex/generic/oberdiek/etexcmds.sty
Package: etexcmds 2016/05/16 v1.6 Avoid name clashes with e-TeX commands (HO)
Package etexcmds Info: Could not find \expanded.
(etexcmds)             That can mean that you are not using pdfTeX 1.50 or
(etexcmds)             that some package has redefined \expanded.
(etexcmds)             In the latter case, load this package earlier.
)))
Package grfext Info: Graphics extension search list:
(grfext)             [.png,.pdf,.jpg,.mps,.jpeg,.jbig2,.jb2,.PNG,.PDF,.JPG,.JPE
G,.JBIG2,.JB2,.eps]
(grfext)             \AppendGraphicsExtensions on input line 456.

(/usr/share/texmf/tex/latex/latexconfig/epstopdf-sys.cfg
File: epstopdf-sys.cfg 2010/07/13 v1.3 Configuration of (r)epstopdf for TeX Liv
e
))
LaTeX Font Info:    Try loading font information for U+msa on input line 31.

(/usr/share/texmf/tex/latex/amsfonts/umsa.fd
File: umsa.fd 2013/01/14 v3.01 AMS symbols A
)
LaTeX Font Info:    Try loading font information for U+msb on input line 31.

(/usr/share/texmf/tex/latex/amsfonts/umsb.fd
File: umsb.fd 2013/01/14 v3.01 AMS symbols B
)
LaTeX Font Info:    Try loading font information for U+rsfs on input line 31.

(/usr/share/texmf/tex/latex/jknapltx/ursfs.fd
File: ursfs.fd 1998/03/24 rsfs font definition file (jk)
) (./lsInnards.toc [1



{/var/lib/texmf/fonts/map/pdftex/updmap/pdftex.map}])
\tf@toc=\write5
\openout5 = `lsInnards.toc'.

 [2]
\openout2 = `lsInnardsSections/GeometriesSection.aux'.


(./lsInnardsSections/GeometriesSection.tex
Overfull \hbox (1.55554pt too wide) in paragraph at lines 57--67
 [][][] 
 []

LaTeX Font Info:    Font shape `OT1/cmtt/bx/n' in size <12> not available
(Font)              Font shape `OT1/cmtt/m/n' tried instead on input line 68.
<figures/RWGGeometryDataFields1.pdf, id=19, 691.46999pt x 200.426pt>
File: figures/RWGGeometryDataFields1.pdf Graphic file (type pdf)

<use figures/RWGGeometryDataFields1.pdf>
Package pdftex.def Info: figures/RWGGeometryDataFields1.pdf used on input line 
80.
(pdftex.def)             Requested size: 691.46829pt x 200.42549pt.
 [3

] [4 <./figures/RWGGeometryDataFields1.pdf>]
<figures/RWGGeometryDataFields2.pdf, id=83, 1531.31668pt x 792.79034pt>
File: figures/RWGGeometryDataFields2.pdf Graphic file (type pdf)

<use figures/RWGGeometryDataFields2.pdf>
Package pdftex.def Info: figures/RWGGeometryDataFields2.pdf used on input line 
142.
(pdftex.def)             Requested size: 1531.31296pt x 792.7884pt.

Overfull \hbox (1.55554pt too wide) in paragraph at lines 158--169
 [][][] 
 []

[5 <./figures/RWGGeometryDataFields2.pdf>] [6]
Overfull \hbox (4.79382pt too wide) in paragraph at lines 224--224
[]\OT1/cmr/bx/n/14.4 Representation of Sur-face Cur-rents in \OT1/cmr/m/sc/14.4
 lib-scuff 
 []


Overfull \hbox (1.86157pt too wide) in paragraph at lines 236--243
\OT1/cmr/m/n/10 both an elec-tric surface-current dis-tri-bu-tion $\OT1/cmr/bx/
n/10 K\OT1/cmr/m/n/10 (\OT1/cmr/bx/n/10 x\OT1/cmr/m/n/10 )$ and a mag-netic sur
face-current
 []

[7] <figures/RWGBasisFunctionNotation.pdf, id=170, 453.94855pt x 261.78865pt>
File: figures/RWGBasisFunctionNotation.pdf Graphic file (type pdf)

<use figures/RWGBasisFunctionNotation.pdf>
Package pdftex.def Info: figures/RWGBasisFunctionNotation.pdf used on input lin
e 296.
(pdftex.def)             Requested size: 453.94743pt x 261.788pt.
 [8 <./figures/RWGBasisFunctionNotation.pdf>] <figures/RWGBasisFunction.pdf, id
=180, 572.03494pt x 856.80098pt>
File: figures/RWGBasisFunction.pdf Graphic file (type pdf)

<use figures/RWGBasisFunction.pdf>
Package pdftex.def Info: figures/RWGBasisFunction.pdf used on input line 348.
(pdftex.def)             Requested size: 572.03354pt x 856.79889pt.
 [9]
Overfull \vbox (22.73853pt too high) has occurred while \output is active []


[10 <./figures/RWGBasisFunction.pdf>]
LaTeX Font Info:    Try loading font information for OMS+cmr on input line 370.


(/usr/share/texmf/tex/latex/base/omscmr.fd
File: omscmr.fd 2014/09/29 v2.5h Standard LaTeX font definitions
)
LaTeX Font Info:    Font shape `OMS/cmr/m/n' in size <10> not available
(Font)              Font shape `OMS/cmsy/m/n' tried instead on input line 370.

Overfull \hbox (8.35976pt too wide) in paragraph at lines 374--382
\OT1/cmr/m/n/10 ture for an ex-te-rior edge has \OT1/cmtt/m/n/10 iQM=iMPanel=MI
ndex=-1 \OT1/cmr/m/n/10 and \OT1/cmtt/m/n/10 Index=-(nei+1)\OT1/cmr/m/n/10 ,
 []

LaTeX Font Info:    Try loading font information for OMS+cmtt on input line 411
.
LaTeX Font Info:    No file OMScmtt.fd. on input line 411.

LaTeX Font Warning: Font shape `OMS/cmtt/m/n' undefined
(Font)              using `OMS/cmsy/m/n' instead
(Font)              for symbol `textbraceleft' on input line 411.

[11]) [12]
\openout2 = `lsInnardsSections/DGFSection.aux'.

 (./lsInnardsSections/DGFSection.tex [13


]) [14]
\openout2 = `lsInnardsSections/FieldsOfIndividualBFs.aux'.


No file lsInnardsSections/FieldsOfIndividualBFs.tex.
\openout2 = `lsInnardsSections/FieldComputation.aux'.

(./lsInnardsSections/FieldComputation.tex
Overfull \hbox (13.9893pt too wide) in paragraph at lines 5--5
[]\OT1/cmr/bx/n/14.4 Computation of the fields in \OT1/cmr/m/sc/14.4 lib-scuff\
OT1/cmr/bx/n/14.4 geometries 
 []

[15




]
Overfull \hbox (20.31822pt too wide) in paragraph at lines 121--128
\OT1/cmr/m/n/10 the re-gion $\OMS/cmtt/m/n/10 R[]\OML/cmm/m/it/10 :$ \OT1/cmr/m
/n/10 (The $\OT1/cmr/bx/n/10 H$ \OT1/cmr/m/n/10 fields are given by iden-ti-cal
 re-la-tions with $\OMS/cmtt/m/n/10 f\OT1/cmr/m/n/10 ^^@[]\OML/cmm/m/it/10 ; \O
T1/cmr/m/n/10 ^^@[]\OML/cmm/m/it/10 ; E[]\OMS/cmtt/m/n/10 g !
 []

) [16]
\openout2 = `lsInnardsSections/Formulations.aux'.

 (./lsInnardsSections/Formulations.tex [17


] [18]
Overfull \hbox (5.0956pt too wide) in paragraph at lines 357--357
[] 
 []

[19]
Overfull \hbox (12.4956pt too wide) in paragraph at lines 460--460
[] 
 []

[20]
Overfull \hbox (164.17229pt too wide) detected at line 499
\OML/cmm/m/it/10 M[] \OT1/cmr/m/n/10 = []
 []

[21] [22] [23]

LaTeX Warning: Reference `PECEquationBreakdown' on page 24 undefined on input l
ine 669.


LaTeX Warning: Reference `DielectricEquationBreakdown' on page 24 undefined on 
input line 676.


LaTeX Warning: Reference `DielectricEquationBreakdown' on page 24 undefined on 
input line 682.


LaTeX Warning: Reference `DielectricEquationBreakdown' on page 24 undefined on 
input line 683.


LaTeX Warning: Reference `PECEquationBreakdown' on page 24 undefined on input l
ine 691.


LaTeX Warning: Reference `EmbeddedObjects' on page 24 undefined on input line 6
93.


LaTeX Warning: Reference `PECEquationBreakdown' on page 24 undefined on input l
ine 700.

[24]

LaTeX Warning: Reference `DielectricEquationBreakdown' on page 25 undefined on 
input line 767.


LaTeX Warning: Reference `EmbeddedObjects' on page 25 undefined on input line 7
69.


LaTeX Warning: Reference `DielectricEquationBreakdown' on page 25 undefined on 
input line 770.


Overfull \hbox (35.51035pt too wide) in paragraph at lines 856--856
[] 
 []


LaTeX Warning: Reference `DielectricEquationBreakdown' on page 25 undefined on 
input line 859.


LaTeX Warning: Reference `DielectricEquationBreakdown' on page 25 undefined on 
input line 862.


Overfull \hbox (36.48825pt too wide) in paragraph at lines 943--943
[] 
 []

[25] [26] [27] [28]
Overfull \hbox (6.51472pt too wide) detected at line 1180
[]
 []


Overfull \hbox (58.46835pt too wide) detected at line 1223
[]
 []


Overfull \hbox (50.69055pt too wide) detected at line 1266
[]
 []

[29]
Overfull \hbox (71.22536pt too wide) detected at line 1351
[]
 []

) [30]
\openout2 = `lsInnardsSections/PanelIntegrals.aux'.

 (./lsInnardsSections/PanelIntegrals.tex) [31


]
\openout2 = `lsInnardsSections/PanelPanelIntegrals.aux'.


(./lsInnardsSections/PanelPanelIntegrals.tex

LaTeX Warning: Reference `RWGMidPointRadius' on page 32 undefined on input line
 42.


Overfull \hbox (16.21394pt too wide) in paragraph at lines 64--64
[]\OT1/cmr/bx/n/12 Matrix el-e-ments be-tween dis-tant ba-sis func-tions: spher
-
 []


LaTeX Warning: Reference `SphericalHelmoltzAppendix' on page 32 undefined on in
put line 86.

[32


]

LaTeX Warning: Reference `SphericalHelmoltzAppendix' on page 33 undefined on in
put line 114.


LaTeX Warning: Reference `TranslationMatrixDefinition' on page 33 undefined on 
input line 115.


Overfull \hbox (14.91113pt too wide) in paragraph at lines 173--173
[]\OT1/cmr/bx/n/12 Matrix el-e-ments be-tween nearby ba-sis func-tions: panel-
 []


Overfull \hbox (5.90909pt too wide) in paragraph at lines 208--208
[] 
 []

[33]
Overfull \hbox (10.19354pt too wide) in paragraph at lines 285--306
\OT1/cmr/m/n/10 The quan-ti-ties (37[]) are what are com-puted by the \OT1/cmtt
/m/n/10 GetPanelPanelInteractions()
 []


LaTeX Warning: Reference `uvDefinitionFigure' on page 34 undefined on input lin
e 313.

[34]
Overfull \hbox (4.3354pt too wide) detected at line 345
\OML/cmm/m/it/10 h\OT1/cmr/m/n/10 (\OML/cmm/m/it/10 u; v; u[]; v[]\OT1/cmr/m/n/
10 ) = \OML/cmm/m/it/10 h[]\OT1/cmr/bx/n/10 x\OT1/cmr/m/n/10 (\OML/cmm/m/it/10 
u; v\OT1/cmr/m/n/10 )\OML/cmm/m/it/10 ; \OT1/cmr/bx/n/10 x[]\OT1/cmr/m/n/10 (\O
ML/cmm/m/it/10 u[]; v[]\OT1/cmr/m/n/10 )[]\OML/cmm/m/it/10 ;  g\OT1/cmr/m/n/10 
(\OML/cmm/m/it/10 u; v; u[]; v[]\OT1/cmr/m/n/10 ) = \OML/cmm/m/it/10 g[][]\OT1/
cmr/bx/n/10 x\OT1/cmr/m/n/10 (\OML/cmm/m/it/10 u; v\OT1/cmr/m/n/10 ) \OMS/cmtt/
m/n/10 ^^@ \OT1/cmr/bx/n/10 x[]\OT1/cmr/m/n/10 (\OML/cmm/m/it/10 u[]; v[]\OT1/c
mr/m/n/10 )[][]\OML/cmm/m/it/10 :
 []

[35]) [36]
\openout2 = `lsInnardsSections/FIPPI.aux'.

 (./lsInnardsSections/FIPPI.tex [37


] [38]

LaTeX Warning: Reference `TaylorDuffyAppendix' on page 39 undefined on input li
ne 207.

[39]

LaTeX Warning: Reference `TaylorDuffyAppendix' on page 40 undefined on input li
ne 242.


Overfull \hbox (25.71535pt too wide) in paragraph at lines 320--320
[] 
 []

[40] [41])
\openout2 = `lsInnardsSections/IntegralDerivatives.aux'.

 (./lsInnardsSections/IntegralDerivatives.tex
<figures/PPIDerivatives.pdf, id=509, 504.68549pt x 160.6pt>
File: figures/PPIDerivatives.pdf Graphic file (type pdf)

<use figures/PPIDerivatives.pdf>
Package pdftex.def Info: figures/PPIDerivatives.pdf used on input line 76.
(pdftex.def)             Requested size: 504.68425pt x 160.5996pt.

Overfull \hbox (159.68425pt too wide) in paragraph at lines 76--77
 [] 
 []

[42


] [43 <./figures/PPIDerivatives.pdf>] [44])
\openout2 = `lsInnardsSections/OverlapIntegrals.aux'.


(./lsInnardsSections/OverlapIntegrals.tex
<figures/OverlapIntegrals.pdf, id=522, 479.7925pt x 303.74379pt>
File: figures/OverlapIntegrals.pdf Graphic file (type pdf)

<use figures/OverlapIntegrals.pdf>
Package pdftex.def Info: figures/OverlapIntegrals.pdf used on input line 7.
(pdftex.def)             Requested size: 479.7913pt x 303.74304pt.
 [45


 <./figures/OverlapIntegrals.pdf>]
Overfull \hbox (21.46472pt too wide) in paragraph at lines 160--160
[] 
 []

[46] [47])
\openout2 = `lsInnardsSections/CartesianMultipoleMoments.aux'.


No file lsInnardsSections/CartesianMultipoleMoments.tex.
\openout2 = `lsInnardsSections/SphericalMultipoleMoments.aux'.

(./lsInnardsSections/SphericalMultipoleMoments.tex
Overfull \hbox (5.96211pt too wide) in paragraph at lines 76--76
[] 
 []

[48




] [49])
\openout2 = `lsInnardsSections/FieldsAtPanelCentroids.aux'.

 (./lsInnardsSections/FieldsAtPanelCentroids.tex [50


] [51])
\openout2 = `lsInnardsSections/PBC.aux'.


(./lsInnardsSections/PBC.tex [52


] [53] [54]

LaTeX Warning: Reference `TranpositionSymmetry' on page 55 undefined on input l
ine 306.

[55] <figures/SquareMesh0.pdf, id=563, 1008.76875pt x 1031.855pt>
File: figures/SquareMesh0.pdf Graphic file (type pdf)

<use figures/SquareMesh0.pdf>
Package pdftex.def Info: figures/SquareMesh0.pdf used on input line 385.
(pdftex.def)             Requested size: 1008.7663pt x 1031.85248pt.

<figures/SquareMesh1.pdf, id=564, 1008.76875pt x 1031.855pt>
File: figures/SquareMesh1.pdf Graphic file (type pdf)

<use figures/SquareMesh1.pdf>
Package pdftex.def Info: figures/SquareMesh1.pdf used on input line 389.
(pdftex.def)             Requested size: 1008.7663pt x 1031.85248pt.


LaTeX Warning: Float too large for page by 43.7612pt on input line 399.

<figures/SquareMesh2.pdf, id=565, 1008.76875pt x 1031.855pt>
File: figures/SquareMesh2.pdf Graphic file (type pdf)

<use figures/SquareMesh2.pdf>
Package pdftex.def Info: figures/SquareMesh2.pdf used on input line 409.
(pdftex.def)             Requested size: 1008.7663pt x 1031.85248pt.
 [56] [57 <./figures/SquareMesh0.pdf> <./figures/SquareMesh1.pdf>] [58 <./figur
es/SquareMesh2.pdf>] [59] [60]) [61]
\openout2 = `IndexNotationAppendix.aux'.


No file IndexNotationAppendix.tex.
\openout2 = `SphericalHelmholtzAppendix.aux'.

No file SphericalHelmholtzAppendix.tex.
\openout2 = `RelativeExponentialAppendix.aux'.

(./RelativeExponentialAppendix.tex) [62






] (./lsInnards.aux
(./lsInnardsSections/GeometriesSection.aux) (./lsInnardsSections/DGFSection.aux
) (./lsInnardsSections/FieldsOfIndividualBFs.aux)
(./lsInnardsSections/FieldComputation.aux)
(./lsInnardsSections/Formulations.aux) (./lsInnardsSections/PanelIntegrals.aux)
(./lsInnardsSections/PanelPanelIntegrals.aux) (./lsInnardsSections/FIPPI.aux)
(./lsInnardsSections/IntegralDerivatives.aux)
(./lsInnardsSections/OverlapIntegrals.aux)
(./lsInnardsSections/CartesianMultipoleMoments.aux)
(./lsInnardsSections/SphericalMultipoleMoments.aux)
(./lsInnardsSections/FieldsAtPanelCentroids.aux) (./lsInnardsSections/PBC.aux)
(./IndexNotationAppendix.aux) (./SphericalHelmholtzAppendix.aux)
(./RelativeExponentialAppendix.aux))

LaTeX Font Warning: Some font shapes were not available, defaults substituted.


LaTeX Warning: There were undefined references.


LaTeX Warning: There were multiply-defined labels.

 ) 
Here is how much of TeX's memory you used:
 5419 strings out of 494041
 75397 string characters out of 6158496
 164768 words of memory out of 5000000
 8526 multiletter control sequences out of 15000+600000
 23342 words of font info for 90 fonts, out of 8000000 for 9000
 475 hyphenation exceptions out of 8191
 38i,20n,28p,812b,368s stack positions out of 5000i,500n,10000p,200000b,80000s
</usr/share/texmf/fonts/type1/public/amsfonts/cm/cmbsy10.pfb></usr/share/texm
f/fonts/type1/public/amsfonts/cmextra/cmbsy8.pfb></usr/share/texmf/fonts/type1/
public/amsfonts/cm/cmbx10.pfb></usr/share/texmf/fonts/type1/public/amsfonts/cm/
cmbx12.pfb></usr/share/texmf/fonts/type1/public/amsfonts/cm/cmbx7.pfb></usr/sha
re/texmf/fonts/type1/public/amsfonts/cm/cmbx8.pfb></usr/share/texmf/fonts/type1
/public/amsfonts/cm/cmcsc10.pfb></usr/share/texmf/fonts/type1/public/amsfonts/c
m/cmex10.pfb></usr/share/texmf/fonts/type1/public/amsfonts/cmextra/cmex8.pfb></
usr/share/texmf/fonts/type1/public/amsfonts/cm/cmmi10.pfb></usr/share/texmf/fon
ts/type1/public/amsfonts/cm/cmmi12.pfb></usr/share/texmf/fonts/type1/public/ams
fonts/cm/cmmi5.pfb></usr/share/texmf/fonts/type1/public/amsfonts/cm/cmmi6.pfb><
/usr/share/texmf/fonts/type1/public/amsfonts/cm/cmmi7.pfb></usr/share/texmf/fon
ts/type1/public/amsfonts/cm/cmmi8.pfb></usr/share/texmf/fonts/type1/public/amsf
onts/cm/cmmib10.pfb></usr/share/texmf/fonts/type1/public/amsfonts/cmextra/cmmib
7.pfb></usr/share/texmf/fonts/type1/public/amsfonts/cm/cmr10.pfb></usr/share/te
xmf/fonts/type1/public/amsfonts/cm/cmr12.pfb></usr/share/texmf/fonts/type1/publ
ic/amsfonts/cm/cmr17.pfb></usr/share/texmf/fonts/type1/public/amsfonts/cm/cmr5.
pfb></usr/share/texmf/fonts/type1/public/amsfonts/cm/cmr6.pfb></usr/share/texmf
/fonts/type1/public/amsfonts/cm/cmr7.pfb></usr/share/texmf/fonts/type1/public/a
msfonts/cm/cmr8.pfb></usr/share/texmf/fonts/type1/public/amsfonts/cm/cmsl10.pfb
></usr/share/texmf/fonts/type1/public/amsfonts/cm/cmsy10.pfb></usr/share/texmf/
fonts/type1/public/amsfonts/cm/cmsy5.pfb></usr/share/texmf/fonts/type1/public/a
msfonts/cm/cmsy6.pfb></usr/share/texmf/fonts/type1/public/amsfonts/cm/cmsy7.pfb
></usr/share/texmf/fonts/type1/public/amsfonts/cm/cmsy8.pfb></usr/share/texmf/f
onts/type1/public/amsfonts/cm/cmti10.pfb></usr/share/texmf/fonts/type1/public/a
msfonts/cm/cmti7.pfb></usr/share/texmf/fonts/type1/public/amsfonts/cm/cmti8.pfb
></usr/share/texmf/fonts/type1/public/amsfonts/cm/cmtt10.pfb></usr/share/texmf/
fonts/type1/public/amsfonts/cm/cmtt12.pfb></usr/share/texmf/fonts/type1/public/
amsfonts/cm/cmtt8.pfb></usr/share/texmf/fonts/type1/public/amsfonts/symbols/msb
m10.pfb></usr/share/texmf/fonts/type1/urw/courier/ucrb8a.pfb></usr/share/texmf/
fonts/type1/urw/courier/ucrr8a.pfb>
Output written on lsInnards.pdf (62 pages, 1129227 bytes).
PDF statistics:
 1642 PDF objects out of 1728 (max. 8388607)
 1217 compressed objects within 13 object streams
 0 named destinations out of 1000 (max. 500000)
 46 words of extra memory for PDF output out of 10000 (max. 10000000)

