This is pdfTeX, Version 3.14159265-2.6-1.40.17 (TeX Live 2016/TeX Live for SUSE Linux) (preloaded format=pdflatex 2018.4.5)  25 JUN 2018 13:27
entering extended mode
 restricted \write18 enabled.
 %&-line parsing enabled.
**scuff-rf.tex
(./scuff-rf.tex
LaTeX2e <2016/03/31>
Babel <3.9r> and hyphenation patterns for 51 language(s) loaded.
(/usr/share/texmf/tex/latex/base/article.cls
Document Class: article 2014/09/29 v1.4h Standard LaTeX document class
(/usr/share/texmf/tex/latex/base/size10.clo
File: size10.clo 2014/09/29 v1.4h Standard LaTeX file (size option)
)
\c@part=\count79
\c@section=\count80
\c@subsection=\count81
\c@subsubsection=\count82
\c@paragraph=\count83
\c@subparagraph=\count84
\c@figure=\count85
\c@table=\count86
\abovecaptionskip=\skip41
\belowcaptionskip=\skip42
\bibindent=\dimen102
) (./scufftex.tex
\@input{HRCommands.aux}
\openout2 = `HRCommands.aux'.

(/home/homer/misc/HRCommands.tex (/usr/share/texmf/tex/generic/babel/babel.sty
Package: babel 2016/04/23 3.9r The Babel package

(/usr/share/texmf/tex/generic/babel-english/english.ldf
Language: english 2012/08/20 v3.3p English support from the babel system

(/usr/share/texmf/tex/generic/babel/babel.def
File: babel.def 2016/04/23 3.9r Babel common definitions
\babel@savecnt=\count87
\U@D=\dimen103
)
\l@canadian = a dialect from \language\l@american 
\l@australian = a dialect from \language\l@british 
\l@newzealand = a dialect from \language\l@british 
))
(/usr/share/texmf/tex/latex/graphics/graphicx.sty
Package: graphicx 2014/10/28 v1.0g Enhanced LaTeX Graphics (DPC,SPQR)

(/usr/share/texmf/tex/latex/graphics/keyval.sty
Package: keyval 2014/10/28 v1.15 key=value parser (DPC)
\KV@toks@=\toks14
)
(/usr/share/texmf/tex/latex/graphics/graphics.sty
Package: graphics 2016/05/09 v1.0r Standard LaTeX Graphics (DPC,SPQR)

(/usr/share/texmf/tex/latex/graphics/trig.sty
Package: trig 2016/01/03 v1.10 sin cos tan (DPC)
)
(/usr/share/texmf/tex/latex/graphics-cfg/graphics.cfg
File: graphics.cfg 2016/01/02 v1.10 sample graphics configuration
)
Package graphics Info: Driver file: pdftex.def on input line 96.

(/usr/share/texmf/tex/latex/pdftex-def/pdftex.def
File: pdftex.def 2011/05/27 v0.06d Graphics/color for pdfTeX

(/usr/share/texmf/tex/generic/oberdiek/infwarerr.sty
Package: infwarerr 2016/05/16 v1.4 Providing info/warning/error messages (HO)
)
(/usr/share/texmf/tex/generic/oberdiek/ltxcmds.sty
Package: ltxcmds 2016/05/16 v1.23 LaTeX kernel commands for general use (HO)
)
\Gread@gobject=\count88
))
\Gin@req@height=\dimen104
\Gin@req@width=\dimen105
)
(/usr/share/texmf/tex/latex/tools/dcolumn.sty
Package: dcolumn 2014/10/28 v1.06 decimal alignment package (DPC)

(/usr/share/texmf/tex/latex/tools/array.sty
Package: array 2014/10/28 v2.4c Tabular extension package (FMi)
\col@sep=\dimen106
\extrarowheight=\dimen107
\NC@list=\toks15
\extratabsurround=\skip43
\backup@length=\skip44
))
(/usr/share/texmf/tex/latex/graphics/color.sty
Package: color 2016/05/09 v1.1c Standard LaTeX Color (DPC)

(/usr/share/texmf/tex/latex/graphics-cfg/color.cfg
File: color.cfg 2016/01/02 v1.6 sample color configuration
)
Package color Info: Driver file: pdftex.def on input line 144.
)
(/usr/share/texmf/tex/latex/doublestroke/dsfont.sty
Package: dsfont 1995/08/01 v0.1 Double stroke roman fonts
)
(/usr/share/texmf/tex/latex/tools/bm.sty
Package: bm 2016/02/27 v1.2a Bold Symbol Support (DPC/FMi)
\symboldoperators=\mathgroup4
\symboldletters=\mathgroup5
\symboldsymbols=\mathgroup6
LaTeX Font Info:    Redeclaring math alphabet \mathbf on input line 142.
LaTeX Info: Redefining \bm on input line 208.
)
(/usr/share/texmf/tex/latex/bbm-macros/bbm.sty
Package: bbm 1999/03/15 V 1.2 provides fonts for set symbols - TH
LaTeX Font Info:    Overwriting math alphabet `\mathbbm' in version `bold'
(Font)                  U/bbm/m/n --> U/bbm/bx/n on input line 33.
LaTeX Font Info:    Overwriting math alphabet `\mathbbmss' in version `bold'
(Font)                  U/bbmss/m/n --> U/bbmss/bx/n on input line 35.
)
(/usr/share/texmf/tex/latex/amsmath/amsmath.sty
Package: amsmath 2016/03/10 v2.15b AMS math features
\@mathmargin=\skip45

For additional information on amsmath, use the `?' option.
(/usr/share/texmf/tex/latex/amsmath/amstext.sty
Package: amstext 2000/06/29 v2.01 AMS text

(/usr/share/texmf/tex/latex/amsmath/amsgen.sty
File: amsgen.sty 1999/11/30 v2.0 generic functions
\@emptytoks=\toks16
\ex@=\dimen108
))
(/usr/share/texmf/tex/latex/amsmath/amsbsy.sty
Package: amsbsy 1999/11/29 v1.2d Bold Symbols
LaTeX Info: Redefining \boldsymbol on input line 28.
\pmbraise@=\dimen109
)
(/usr/share/texmf/tex/latex/amsmath/amsopn.sty
Package: amsopn 2016/03/08 v2.02 operator names
)
\inf@bad=\count89
LaTeX Info: Redefining \frac on input line 199.
\uproot@=\count90
\leftroot@=\count91
LaTeX Info: Redefining \overline on input line 297.
\classnum@=\count92
\DOTSCASE@=\count93
LaTeX Info: Redefining \ldots on input line 394.
LaTeX Info: Redefining \dots on input line 397.
LaTeX Info: Redefining \cdots on input line 518.
\Mathstrutbox@=\box26
\strutbox@=\box27
\big@size=\dimen110
LaTeX Font Info:    Redeclaring font encoding OML on input line 634.
LaTeX Font Info:    Redeclaring font encoding OMS on input line 635.
\macc@depth=\count94
\c@MaxMatrixCols=\count95
\dotsspace@=\muskip10
\c@parentequation=\count96
\dspbrk@lvl=\count97
\tag@help=\toks17
\row@=\count98
\column@=\count99
\maxfields@=\count100
\andhelp@=\toks18
\eqnshift@=\dimen111
\alignsep@=\dimen112
\tagshift@=\dimen113
\tagwidth@=\dimen114
\totwidth@=\dimen115
\lineht@=\dimen116
\@envbody=\toks19
\multlinegap=\skip46
\multlinetaggap=\skip47
\mathdisplay@stack=\toks20
LaTeX Info: Redefining \[ on input line 2739.
LaTeX Info: Redefining \] on input line 2740.
)
(/usr/share/texmf/tex/latex/amsfonts/amssymb.sty
Package: amssymb 2013/01/14 v3.01 AMS font symbols

(/usr/share/texmf/tex/latex/amsfonts/amsfonts.sty
Package: amsfonts 2013/01/14 v3.01 Basic AMSFonts support
\symAMSa=\mathgroup7
\symAMSb=\mathgroup8
LaTeX Font Info:    Overwriting math alphabet `\mathfrak' in version `bold'
(Font)                  U/euf/m/n --> U/euf/b/n on input line 106.
))
(/usr/share/texmf/tex/latex/jknapltx/mathrsfs.sty
Package: mathrsfs 1996/01/01 Math RSFS package v1.0 (jk)
\symrsfs=\mathgroup9
)
(/usr/share/texmf/tex/latex/float/float.sty
Package: float 2001/11/08 v1.3d Float enhancements (AL)
\c@float@type=\count101
\float@exts=\toks21
\float@box=\box28
\@float@everytoks=\toks22
\@floatcapt=\box29
)
(/usr/share/texmf/tex/generic/mathdots/mathdots.sty
Package: mathdots 2014/06/11 v0.9 Improve and add various macros for dots in ma
th.
\MDo@unit=\dimen117
\MDo@dotsbox=\box30
\MDoprekern=\muskip11
\MDopostkern=\muskip12
\MDodotkern=\muskip13
)
(/usr/share/texmf/tex/latex/mathtools/mathtools.sty
Package: mathtools 2015/11/12 v1.18 mathematical typesetting tools

(/usr/share/texmf/tex/latex/tools/calc.sty
Package: calc 2014/10/28 v4.3 Infix arithmetic (KKT,FJ)
\calc@Acount=\count102
\calc@Bcount=\count103
\calc@Adimen=\dimen118
\calc@Bdimen=\dimen119
\calc@Askip=\skip48
\calc@Bskip=\skip49
LaTeX Info: Redefining \setlength on input line 80.
LaTeX Info: Redefining \addtolength on input line 81.
\calc@Ccount=\count104
\calc@Cskip=\skip50
)
(/usr/share/texmf/tex/latex/mathtools/mhsetup.sty
Package: mhsetup 2010/01/21 v1.2a programming setup (MH)
)
LaTeX Info: Thecontrolsequence`\('isalreadyrobust on input line 129.
LaTeX Info: Thecontrolsequence`\)'isalreadyrobust on input line 129.
LaTeX Info: Thecontrolsequence`\['isalreadyrobust on input line 129.
LaTeX Info: Thecontrolsequence`\]'isalreadyrobust on input line 129.
\g_MT_multlinerow_int=\count105
\l_MT_multwidth_dim=\dimen120
\origjot=\skip51
\l_MT_shortvdotswithinadjustabove_dim=\dimen121
\l_MT_shortvdotswithinadjustbelow_dim=\dimen122
\l_MT_above_intertext_sep=\dimen123
\l_MT_below_intertext_sep=\dimen124
\l_MT_above_shortintertext_sep=\dimen125
\l_MT_below_shortintertext_sep=\dimen126
)
(/usr/share/texmf/tex/latex/fancybox/fancybox.sty
Package: fancybox 2010/05/15 1.4

Style option: `fancybox' v1.4 <2010/05/15> (tvz)
\@fancybox=\box31
\shadowsize=\dimen127
\@Sbox=\box32
\do@VerbBox=\toks23
\the@fancyput=\toks24
\this@fancyput=\toks25
\EndVerbatimTokens=\toks26
\Verbatim@Outfile=\write3
\Verbatim@Infile=\read1
) (/usr/share/texmf/tex/latex/fancyvrb/fancyvrb.sty
Package: fancyvrb 2008/02/07

Style option: `fancyvrb' v2.7a, with DG/SPQR fixes, and firstline=lastline fix 
<2008/02/07> (tvz)
\FV@CodeLineNo=\count106
\FV@InFile=\read2
\FV@TabBox=\box33
\c@FancyVerbLine=\count107
\FV@StepNumber=\count108
\FV@OutFile=\write4
) (/usr/share/texmf/tex/latex/arydshln/arydshln.sty
Package: arydshln 2016/04/28 v1.73 
\dashlinedash=\dimen128
\dashlinegap=\dimen129
\adl@box=\box34
\adl@height=\dimen130
\adl@heightsave=\dimen131
\adl@depth=\dimen132
\adl@depthsave=\dimen133
\adl@finaldepth=\dimen134
\adl@columns=\count109
\adl@ncol=\count110
\adl@currentcolumn=\count111
\adl@currentcolumnsave=\count112
\adl@totalheight=\count113
\adl@totalheightsave=\count114
\adl@dash=\count115
\adl@gap=\count116
\adl@cla=\count117
\adl@clb=\count118
\adl@everyvbox=\toks27
\adl@LTpagetotal=\dimen135
)
(/usr/share/texmf/tex/latex/tools/verbatim.sty
Package: verbatim 2014/10/28 v1.5q LaTeX2e package for verbatim enhancements
\every@verbatim=\toks28
\verbatim@line=\toks29
\verbatim@in@stream=\read3
)
(/usr/share/texmf/tex/latex/bbding/bbding.sty
Package: bbding 1999/04/15 v1.01 Dingbats symbols
)
(/usr/share/texmf/tex/latex/url/url.sty
\Urlmuskip=\muskip14
Package: url 2013/09/16  ver 3.4  Verb mode for urls, etc.
)
(/usr/share/texmf/tex/latex/etoolbox/etoolbox.sty
Package: etoolbox 2015/08/02 v2.2a e-TeX tools for LaTeX (JAW)
\etb@tempcnta=\count119
)
Package color Info: Redefining color cyan on input line 62.
)) (./scuff-rf.aux)
\openout1 = `scuff-rf.aux'.

LaTeX Font Info:    Checking defaults for OML/cmm/m/it on input line 28.
LaTeX Font Info:    ... okay on input line 28.
LaTeX Font Info:    Checking defaults for T1/cmr/m/n on input line 28.
LaTeX Font Info:    ... okay on input line 28.
LaTeX Font Info:    Checking defaults for OT1/cmr/m/n on input line 28.
LaTeX Font Info:    ... okay on input line 28.
LaTeX Font Info:    Checking defaults for OMS/cmsy/m/n on input line 28.
LaTeX Font Info:    ... okay on input line 28.
LaTeX Font Info:    Checking defaults for OMX/cmex/m/n on input line 28.
LaTeX Font Info:    ... okay on input line 28.
LaTeX Font Info:    Checking defaults for U/cmr/m/n on input line 28.
LaTeX Font Info:    ... okay on input line 28.

(/usr/share/texmf/tex/context/base/mkii/supp-pdf.mkii
[Loading MPS to PDF converter (version 2006.09.02).]
\scratchcounter=\count120
\scratchdimen=\dimen136
\scratchbox=\box35
\nofMPsegments=\count121
\nofMParguments=\count122
\everyMPshowfont=\toks30
\MPscratchCnt=\count123
\MPscratchDim=\dimen137
\MPnumerator=\count124
\makeMPintoPDFobject=\count125
\everyMPtoPDFconversion=\toks31
) (/usr/share/texmf/tex/generic/oberdiek/pdftexcmds.sty
Package: pdftexcmds 2016/05/10 v0.21 Utility functions of pdfTeX for LuaTeX (HO
)

(/usr/share/texmf/tex/generic/oberdiek/ifluatex.sty
Package: ifluatex 2016/05/16 v1.4 Provides the ifluatex switch (HO)
Package ifluatex Info: LuaTeX not detected.
)
(/usr/share/texmf/tex/generic/oberdiek/ifpdf.sty
Package: ifpdf 2016/05/14 v3.1 Provides the ifpdf switch
)
Package pdftexcmds Info: LuaTeX not detected.
Package pdftexcmds Info: \pdf@primitive is available.
Package pdftexcmds Info: \pdf@ifprimitive is available.
Package pdftexcmds Info: \pdfdraftmode found.
)
(/usr/share/texmf/tex/latex/oberdiek/epstopdf-base.sty
Package: epstopdf-base 2016/05/15 v2.6 Base part for package epstopdf

(/usr/share/texmf/tex/latex/oberdiek/grfext.sty
Package: grfext 2016/05/16 v1.2 Manage graphics extensions (HO)

(/usr/share/texmf/tex/generic/oberdiek/kvdefinekeys.sty
Package: kvdefinekeys 2016/05/16 v1.4 Define keys (HO)
))
(/usr/share/texmf/tex/latex/oberdiek/kvoptions.sty
Package: kvoptions 2016/05/16 v3.12 Key value format for package options (HO)

(/usr/share/texmf/tex/generic/oberdiek/kvsetkeys.sty
Package: kvsetkeys 2016/05/16 v1.17 Key value parser (HO)

(/usr/share/texmf/tex/generic/oberdiek/etexcmds.sty
Package: etexcmds 2016/05/16 v1.6 Avoid name clashes with e-TeX commands (HO)
Package etexcmds Info: Could not find \expanded.
(etexcmds)             That can mean that you are not using pdfTeX 1.50 or
(etexcmds)             that some package has redefined \expanded.
(etexcmds)             In the latter case, load this package earlier.
)))
Package grfext Info: Graphics extension search list:
(grfext)             [.png,.pdf,.jpg,.mps,.jpeg,.jbig2,.jb2,.PNG,.PDF,.JPG,.JPE
G,.JBIG2,.JB2,.eps]
(grfext)             \AppendGraphicsExtensions on input line 456.

(/usr/share/texmf/tex/latex/latexconfig/epstopdf-sys.cfg
File: epstopdf-sys.cfg 2010/07/13 v1.3 Configuration of (r)epstopdf for TeX Liv
e
))
LaTeX Font Info:    Try loading font information for U+msa on input line 31.

(/usr/share/texmf/tex/latex/amsfonts/umsa.fd
File: umsa.fd 2013/01/14 v3.01 AMS symbols A
)
LaTeX Font Info:    Try loading font information for U+msb on input line 31.

(/usr/share/texmf/tex/latex/amsfonts/umsb.fd
File: umsb.fd 2013/01/14 v3.01 AMS symbols B
)
LaTeX Font Info:    Try loading font information for U+rsfs on input line 31.

(/usr/share/texmf/tex/latex/jknapltx/ursfs.fd
File: ursfs.fd 1998/03/24 rsfs font definition file (jk)
) (./scuff-rf.toc
LaTeX Font Info:    Font shape `OT1/cmtt/bx/n' in size <10> not available
(Font)              Font shape `OT1/cmtt/m/n' tried instead on input line 3.
)
\tf@toc=\write5
\openout5 = `scuff-rf.toc'.

 [1



{/var/lib/texmf/fonts/map/pdftex/updmap/pdftex.map}] [2]
LaTeX Font Info:    Font shape `OT1/cmtt/bx/n' in size <14.4> not available
(Font)              Font shape `OT1/cmtt/m/n' tried instead on input line 79.

<figures/PointPort.pdf, id=18, 1105.12875pt x 779.36655pt>
File: figures/PointPort.pdf Graphic file (type pdf)

<use figures/PointPort.pdf>
Package pdftex.def Info: figures/PointPort.pdf used on input line 87.
(pdftex.def)             Requested size: 1105.12607pt x 779.36465pt.

<figures/PolygonPort.pdf, id=19, 1939.08817pt x 1844.11824pt>
File: figures/PolygonPort.pdf Graphic file (type pdf)

<use figures/PolygonPort.pdf>
Package pdftex.def Info: figures/PolygonPort.pdf used on input line 89.
(pdftex.def)             Requested size: 1939.08345pt x 1844.11377pt.

<figures/LinePort.pdf, id=20, 1692.76164pt x 2157.33247pt>
File: figures/LinePort.pdf Graphic file (type pdf)

<use figures/LinePort.pdf>
Package pdftex.def Info: figures/LinePort.pdf used on input line 93.
(pdftex.def)             Requested size: 1692.75752pt x 2157.32722pt.

Overfull \hbox (39.32066pt too wide) in paragraph at lines 85--109
 [] 
 []

[3] [4 <./figures/PointPort.pdf> <./figures/PolygonPort.pdf

pdfTeX warning: pdflatex (file ./figures/PolygonPort.pdf): PDF inclusion: multi
ple pdfs with page group included in a single page
> <./figures/LinePort.pdf

pdfTeX warning: pdflatex (file ./figures/LinePort.pdf): PDF inclusion: multiple
 pdfs with page group included in a single page
>] [5] [6] [7] [8] [9] (./scuff-rf.aux) ) 
Here is how much of TeX's memory you used:
 5133 strings out of 494041
 67912 string characters out of 6158496
 149046 words of memory out of 5000000
 8365 multiletter control sequences out of 15000+600000
 19041 words of font info for 73 fonts, out of 8000000 for 9000
 475 hyphenation exceptions out of 8191
 38i,21n,28p,883b,422s stack positions out of 5000i,500n,10000p,200000b,80000s
</usr/share/texmf/fonts/type1/public/a
msfonts/cm/cmbx10.pfb></usr/share/texmf/fonts/type1/public/amsfonts/cm/cmbx12.p
fb></usr/share/texmf/fonts/type1/public/amsfonts/cm/cmbx5.pfb></usr/share/texmf
/fonts/type1/public/amsfonts/cm/cmbx6.pfb></usr/share/texmf/fonts/type1/public/
amsfonts/cm/cmbx7.pfb></usr/share/texmf/fonts/type1/public/amsfonts/cm/cmbx8.pf
b></usr/share/texmf/fonts/type1/public/amsfonts/cm/cmcsc10.pfb></usr/share/texm
f/fonts/type1/public/amsfonts/cm/cmex10.pfb></usr/share/texmf/fonts/type1/publi
c/amsfonts/cmextra/cmex8.pfb></usr/share/texmf/fonts/type1/public/amsfonts/cm/c
mmi10.pfb></usr/share/texmf/fonts/type1/public/amsfonts/cm/cmmi5.pfb></usr/shar
e/texmf/fonts/type1/public/amsfonts/cm/cmmi6.pfb></usr/share/texmf/fonts/type1/
public/amsfonts/cm/cmmi7.pfb></usr/share/texmf/fonts/type1/public/amsfonts/cm/c
mmi8.pfb></usr/share/texmf/fonts/type1/public/amsfonts/cm/cmr10.pfb></usr/share
/texmf/fonts/type1/public/amsfonts/cm/cmr12.pfb></usr/share/texmf/fonts/type1/p
ublic/amsfonts/cm/cmr17.pfb></usr/share/texmf/fonts/type1/public/amsfonts/cm/cm
r5.pfb></usr/share/texmf/fonts/type1/public/amsfonts/cm/cmr6.pfb></usr/share/te
xmf/fonts/type1/public/amsfonts/cm/cmr7.pfb></usr/share/texmf/fonts/type1/publi
c/amsfonts/cm/cmr8.pfb></usr/share/texmf/fonts/type1/public/amsfonts/cm/cmsl10.
pfb></usr/share/texmf/fonts/type1/public/amsfonts/cm/cmsy10.pfb></usr/share/tex
mf/fonts/type1/public/amsfonts/cm/cmsy5.pfb></usr/share/texmf/fonts/type1/publi
c/amsfonts/cm/cmsy6.pfb></usr/share/texmf/fonts/type1/public/amsfonts/cm/cmsy7.
pfb></usr/share/texmf/fonts/type1/public/amsfonts/cm/cmsy8.pfb></usr/share/texm
f/fonts/type1/public/amsfonts/cm/cmti10.pfb></usr/share/texmf/fonts/type1/publi
c/amsfonts/cm/cmtt10.pfb></usr/share/texmf/fonts/type1/public/amsfonts/cm/cmtt1
2.pfb></usr/share/texmf/fonts/type1/public/amsfonts/symbols/msbm10.pfb>
Output written on scuff-rf.pdf (9 pages, 380464 bytes).
PDF statistics:
 166 PDF objects out of 1000 (max. 8388607)
 119 compressed objects within 2 object streams
 0 named destinations out of 1000 (max. 500000)
 16 words of extra memory for PDF output out of 10000 (max. 10000000)

